<?xml version="1.0" encoding="UTF-8"?>
<!-- Generated by org.testng.reporters.JUnitXMLReporter -->
<testsuite ignored="1" hostname="GiftedBoySam" failures="0" tests="2" name="Submit Order Test" time="48.964" errors="0" timestamp="2025-04-10T13:29:11 IST">
  <testcase classname="sahilmalekseleniumframework.Tests.SubmitOrderTest" name="submitOrder" time="14.265"/>
  <testcase classname="sahilmalekseleniumframework.Tests.SubmitOrderTest" name="submitOrder" time="14.41"/>
  <testcase classname="sahilmalekseleniumframework.Tests.SubmitOrderTest" name="orderHistoryTest" time="0.0">
    <ignored/>
  </testcase> <!-- orderHistoryTest -->
</testsuite> <!-- Submit Order Test -->
